> Task :clean
> Task :flight-booking:clean
> Task :flight-booking:compileJava
> Task :flight-booking:processResources
> Task :flight-booking:classes
> Task :flight-booking:jar
> Task :compileJava
> Task :processResources
> Task :classes
> Task :resolveMainClassName
> Task :bootJar
> Task :jar
> Task :assemble
> Task :compileTestJava
> Task :processTestResources NO-SOURCE
> Task :testClasses

> Task :test FAILED

CopilotApplicationTests > contextLoads() FAILED
    java.lang.IllegalStateException at DefaultCacheAwareContextLoaderDelegate.java:180
        Caused by: org.springframework.beans.factory.UnsatisfiedDependencyException at ConstructorResolver.java:795
            Caused by: org.springframework.beans.factory.UnsatisfiedDependencyException at ConstructorResolver.java:795
                Caused by: org.springframework.beans.factory.NoSuchBeanDefinitionException at DefaultListableBeanFactory.java:1880

1 test completed, 1 failed

FAILURE: Build failed with an exception.

* What went wrong:
Execution failed for task ':test'.
> There were failing tests. See the report at: file:///Users/ravirajsingh/Documents/code/2026/copilot/build/reports/tests/test/index.html

* Try:
> Run with --scan to get full insights.

BUILD FAILED in 3s
12 actionable tasks: 12 executed
